<?xml version="1.0" encoding="UTF-8"?>
<testsuite xmlns:xsi="http://www.w3.org/2001/XMLSchema-instance" xsi:noNamespaceSchemaLocation="https://maven.apache.org/surefire/maven-surefire-plugin/xsd/surefire-test-report.xsd" name="com.mycompany.app.models.RideTest" time="0" tests="1" errors="0" skipped="0" failures="0">
  <properties>
    <property name="awt.toolkit" value="sun.lwawt.macosx.LWCToolkit"/>
    <property name="java.specification.version" value="12"/>
    <property name="sun.jnu.encoding" value="UTF-8"/>
    <property name="java.class.path" value="/Users/princehodonou/Development/shareAride/target/test-classes:/Users/princehodonou/Development/shareAride/target/classes:/Users/princehodonou/.m2/repository/javax/xml/bind/jaxb-api/2.3.0/jaxb-api-2.3.0.jar:/Users/princehodonou/.m2/repository/javax/activation/activation/1.1.1/activation-1.1.1.jar:/Users/princehodonou/.m2/repository/com/sun/xml/bind/jaxb-core/2.3.0/jaxb-core-2.3.0.jar:/Users/princehodonou/.m2/repository/com/sun/xml/bind/jaxb-impl/2.3.0/jaxb-impl-2.3.0.jar:/Users/princehodonou/.m2/repository/junit/junit/4.11/junit-4.11.jar:/Users/princehodonou/.m2/repository/org/hamcrest/hamcrest-core/1.3/hamcrest-core-1.3.jar:/Users/princehodonou/.m2/repository/io/dropwizard/dropwizard-core/0.8.0/dropwizard-core-0.8.0.jar:/Users/princehodonou/.m2/repository/io/dropwizard/dropwizard-util/0.8.0/dropwizard-util-0.8.0.jar:/Users/princehodonou/.m2/repository/com/fasterxml/jackson/core/jackson-annotations/2.5.0/jackson-annotations-2.5.0.jar:/Users/princehodonou/.m2/repository/com/google/guava/guava/18.0/guava-18.0.jar:/Users/princehodonou/.m2/repository/com/google/code/findbugs/jsr305/3.0.0/jsr305-3.0.0.jar:/Users/princehodonou/.m2/repository/joda-time/joda-time/2.7/joda-time-2.7.jar:/Users/princehodonou/.m2/repository/io/dropwizard/dropwizard-jackson/0.8.0/dropwizard-jackson-0.8.0.jar:/Users/princehodonou/.m2/repository/com/fasterxml/jackson/core/jackson-core/2.5.1/jackson-core-2.5.1.jar:/Users/princehodonou/.m2/repository/com/fasterxml/jackson/core/jackson-databind/2.5.1/jackson-databind-2.5.1.jar:/Users/princehodonou/.m2/repository/com/fasterxml/jackson/datatype/jackson-datatype-jdk7/2.5.1/jackson-datatype-jdk7-2.5.1.jar:/Users/princehodonou/.m2/repository/com/fasterxml/jackson/datatype/jackson-datatype-guava/2.5.1/jackson-datatype-guava-2.5.1.jar:/Users/princehodonou/.m2/repository/com/fasterxml/jackson/module/jackson-module-afterburner/2.5.1/jackson-module-afterburner-2.5.1.jar:/Users/princehodonou/.m2/repository/com/fasterxml/jackson/datatype/jackson-datatype-joda/2.5.1/jackson-datatype-joda-2.5.1.jar:/Users/princehodonou/.m2/repository/org/slf4j/slf4j-api/1.7.10/slf4j-api-1.7.10.jar:/Users/princehodonou/.m2/repository/ch/qos/logback/logback-classic/1.1.2/logback-classic-1.1.2.jar:/Users/princehodonou/.m2/repository/io/dropwizard/dropwizard-validation/0.8.0/dropwizard-validation-0.8.0.jar:/Users/princehodonou/.m2/repository/org/hibernate/hibernate-validator/5.1.3.Final/hibernate-validator-5.1.3.Final.jar:/Users/princehodonou/.m2/repository/javax/validation/validation-api/1.1.0.Final/validation-api-1.1.0.Final.jar:/Users/princehodonou/.m2/repository/org/jboss/logging/jboss-logging/3.1.3.GA/jboss-logging-3.1.3.GA.jar:/Users/princehodonou/.m2/repository/com/fasterxml/classmate/1.0.0/classmate-1.0.0.jar:/Users/princehodonou/.m2/repository/org/glassfish/javax.el/3.0.0/javax.el-3.0.0.jar:/Users/princehodonou/.m2/repository/io/dropwizard/dropwizard-configuration/0.8.0/dropwizard-configuration-0.8.0.jar:/Users/princehodonou/.m2/repository/com/fasterxml/jackson/dataformat/jackson-dataformat-yaml/2.5.1/jackson-dataformat-yaml-2.5.1.jar:/Users/princehodonou/.m2/repository/org/yaml/snakeyaml/1.12/snakeyaml-1.12.jar:/Users/princehodonou/.m2/repository/org/apache/commons/commons-lang3/3.3.2/commons-lang3-3.3.2.jar:/Users/princehodonou/.m2/repository/io/dropwizard/dropwizard-logging/0.8.0/dropwizard-logging-0.8.0.jar:/Users/princehodonou/.m2/repository/io/dropwizard/metrics/metrics-logback/3.1.0/metrics-logback-3.1.0.jar:/Users/princehodonou/.m2/repository/org/slf4j/jul-to-slf4j/1.7.10/jul-to-slf4j-1.7.10.jar:/Users/princehodonou/.m2/repository/ch/qos/logback/logback-core/1.1.2/logback-core-1.1.2.jar:/Users/princehodonou/.m2/repository/org/slf4j/log4j-over-slf4j/1.7.10/log4j-over-slf4j-1.7.10.jar:/Users/princehodonou/.m2/repository/org/slf4j/jcl-over-slf4j/1.7.10/jcl-over-slf4j-1.7.10.jar:/Users/princehodonou/.m2/repository/org/eclipse/jetty/jetty-util/9.2.9.v20150224/jetty-util-9.2.9.v20150224.jar:/Users/princehodonou/.m2/repository/io/dropwizard/dropwizard-metrics/0.8.0/dropwizard-metrics-0.8.0.jar:/Users/princehodonou/.m2/repository/io/dropwizard/dropwizard-jersey/0.8.0/dropwizard-jersey-0.8.0.jar:/Users/princehodonou/.m2/repository/org/glassfish/jersey/core/jersey-server/2.16/jersey-server-2.16.jar:/Users/princehodonou/.m2/repository/org/glassfish/jersey/core/jersey-common/2.16/jersey-common-2.16.jar:/Users/princehodonou/.m2/repository/org/glassfish/jersey/bundles/repackaged/jersey-guava/2.16/jersey-guava-2.16.jar:/Users/princehodonou/.m2/repository/org/glassfish/hk2/osgi-resource-locator/1.0.1/osgi-resource-locator-1.0.1.jar:/Users/princehodonou/.m2/repository/org/glassfish/jersey/core/jersey-client/2.16/jersey-client-2.16.jar:/Users/princehodonou/.m2/repository/javax/ws/rs/javax.ws.rs-api/2.0.1/javax.ws.rs-api-2.0.1.jar:/Users/princehodonou/.m2/repository/org/glassfish/jersey/media/jersey-media-jaxb/2.16/jersey-media-jaxb-2.16.jar:/Users/princehodonou/.m2/repository/javax/annotation/javax.annotation-api/1.2/javax.annotation-api-1.2.jar:/Users/princehodonou/.m2/repository/org/glassfish/hk2/hk2-api/2.4.0-b09/hk2-api-2.4.0-b09.jar:/Users/princehodonou/.m2/repository/org/glassfish/hk2/hk2-utils/2.4.0-b09/hk2-utils-2.4.0-b09.jar:/Users/princehodonou/.m2/repository/org/glassfish/hk2/external/aopalliance-repackaged/2.4.0-b09/aopalliance-repackaged-2.4.0-b09.jar:/Users/princehodonou/.m2/repository/org/glassfish/hk2/external/javax.inject/2.4.0-b09/javax.inject-2.4.0-b09.jar:/Users/princehodonou/.m2/repository/org/glassfish/hk2/hk2-locator/2.4.0-b09/hk2-locator-2.4.0-b09.jar:/Users/princehodonou/.m2/repository/org/javassist/javassist/3.18.1-GA/javassist-3.18.1-GA.jar:/Users/princehodonou/.m2/repository/org/glassfish/jersey/ext/jersey-metainf-services/2.16/jersey-metainf-services-2.16.jar:/Users/princehodonou/.m2/repository/io/dropwizard/metrics/metrics-jersey2/3.1.0/metrics-jersey2-3.1.0.jar:/Users/princehodonou/.m2/repository/com/fasterxml/jackson/jaxrs/jackson-jaxrs-json-provider/2.5.1/jackson-jaxrs-json-provider-2.5.1.jar:/Users/princehodonou/.m2/repository/com/fasterxml/jackson/jaxrs/jackson-jaxrs-base/2.5.1/jackson-jaxrs-base-2.5.1.jar:/Users/princehodonou/.m2/repository/com/fasterxml/jackson/module/jackson-module-jaxb-annotations/2.5.1/jackson-module-jaxb-annotations-2.5.1.jar:/Users/princehodonou/.m2/repository/org/glassfish/jersey/containers/jersey-container-servlet/2.16/jersey-container-servlet-2.16.jar:/Users/princehodonou/.m2/repository/org/glassfish/jersey/containers/jersey-container-servlet-core/2.16/jersey-container-servlet-core-2.16.jar:/Users/princehodonou/.m2/repository/org/eclipse/jetty/jetty-server/9.2.9.v20150224/jetty-server-9.2.9.v20150224.jar:/Users/princehodonou/.m2/repository/javax/servlet/javax.servlet-api/3.1.0/javax.servlet-api-3.1.0.jar:/Users/princehodonou/.m2/repository/org/eclipse/jetty/jetty-io/9.2.9.v20150224/jetty-io-9.2.9.v20150224.jar:/Users/princehodonou/.m2/repository/org/eclipse/jetty/jetty-webapp/9.2.9.v20150224/jetty-webapp-9.2.9.v20150224.jar:/Users/princehodonou/.m2/repository/org/eclipse/jetty/jetty-xml/9.2.9.v20150224/jetty-xml-9.2.9.v20150224.jar:/Users/princehodonou/.m2/repository/org/eclipse/jetty/jetty-continuation/9.2.9.v20150224/jetty-continuation-9.2.9.v20150224.jar:/Users/princehodonou/.m2/repository/io/dropwizard/dropwizard-servlets/0.8.0/dropwizard-servlets-0.8.0.jar:/Users/princehodonou/.m2/repository/io/dropwizard/metrics/metrics-annotation/3.1.0/metrics-annotation-3.1.0.jar:/Users/princehodonou/.m2/repository/io/dropwizard/dropwizard-jetty/0.8.0/dropwizard-jetty-0.8.0.jar:/Users/princehodonou/.m2/repository/io/dropwizard/metrics/metrics-jetty9/3.1.0/metrics-jetty9-3.1.0.jar:/Users/princehodonou/.m2/repository/org/eclipse/jetty/jetty-servlet/9.2.9.v20150224/jetty-servlet-9.2.9.v20150224.jar:/Users/princehodonou/.m2/repository/org/eclipse/jetty/jetty-security/9.2.9.v20150224/jetty-security-9.2.9.v20150224.jar:/Users/princehodonou/.m2/repository/org/eclipse/jetty/jetty-servlets/9.2.9.v20150224/jetty-servlets-9.2.9.v20150224.jar:/Users/princehodonou/.m2/repository/org/eclipse/jetty/jetty-http/9.2.9.v20150224/jetty-http-9.2.9.v20150224.jar:/Users/princehodonou/.m2/repository/io/dropwizard/dropwizard-lifecycle/0.8.0/dropwizard-lifecycle-0.8.0.jar:/Users/princehodonou/.m2/repository/io/dropwizard/metrics/metrics-core/3.1.0/metrics-core-3.1.0.jar:/Users/princehodonou/.m2/repository/io/dropwizard/metrics/metrics-jvm/3.1.0/metrics-jvm-3.1.0.jar:/Users/princehodonou/.m2/repository/io/dropwizard/metrics/metrics-servlets/3.1.0/metrics-servlets-3.1.0.jar:/Users/princehodonou/.m2/repository/io/dropwizard/metrics/metrics-json/3.1.0/metrics-json-3.1.0.jar:/Users/princehodonou/.m2/repository/io/dropwizard/metrics/metrics-healthchecks/3.1.0/metrics-healthchecks-3.1.0.jar:/Users/princehodonou/.m2/repository/net/sourceforge/argparse4j/argparse4j/0.4.4/argparse4j-0.4.4.jar:/Users/princehodonou/.m2/repository/org/eclipse/jetty/toolchain/setuid/jetty-setuid-java/1.0.2/jetty-setuid-java-1.0.2.jar:/Users/princehodonou/.m2/repository/org/json/json/20180813/json-20180813.jar:"/>
    <property name="java.vm.vendor" value="Oracle Corporation"/>
    <property name="sun.arch.data.model" value="64"/>
    <property name="java.vendor.url" value="https://java.oracle.com/"/>
    <property name="os.name" value="Mac OS X"/>
    <property name="java.vm.specification.version" value="12"/>
    <property name="sun.java.launcher" value="SUN_STANDARD"/>
    <property name="user.country" value="US"/>
    <property name="sun.boot.library.path" value="/Library/Java/JavaVirtualMachines/jdk-12.0.2.jdk/Contents/Home/lib"/>
    <property name="sun.java.command" value="/Users/princehodonou/Development/shareAride/target/surefire/surefirebooter15810021534427585497.jar /Users/princehodonou/Development/shareAride/target/surefire 2020-04-26T23-54-25_960-jvmRun1 surefire8558266385193008246tmp surefire_03683543334662043811tmp"/>
    <property name="jdk.debug" value="release"/>
    <property name="surefire.test.class.path" value="/Users/princehodonou/Development/shareAride/target/test-classes:/Users/princehodonou/Development/shareAride/target/classes:/Users/princehodonou/.m2/repository/javax/xml/bind/jaxb-api/2.3.0/jaxb-api-2.3.0.jar:/Users/princehodonou/.m2/repository/javax/activation/activation/1.1.1/activation-1.1.1.jar:/Users/princehodonou/.m2/repository/com/sun/xml/bind/jaxb-core/2.3.0/jaxb-core-2.3.0.jar:/Users/princehodonou/.m2/repository/com/sun/xml/bind/jaxb-impl/2.3.0/jaxb-impl-2.3.0.jar:/Users/princehodonou/.m2/repository/junit/junit/4.11/junit-4.11.jar:/Users/princehodonou/.m2/repository/org/hamcrest/hamcrest-core/1.3/hamcrest-core-1.3.jar:/Users/princehodonou/.m2/repository/io/dropwizard/dropwizard-core/0.8.0/dropwizard-core-0.8.0.jar:/Users/princehodonou/.m2/repository/io/dropwizard/dropwizard-util/0.8.0/dropwizard-util-0.8.0.jar:/Users/princehodonou/.m2/repository/com/fasterxml/jackson/core/jackson-annotations/2.5.0/jackson-annotations-2.5.0.jar:/Users/princehodonou/.m2/repository/com/google/guava/guava/18.0/guava-18.0.jar:/Users/princehodonou/.m2/repository/com/google/code/findbugs/jsr305/3.0.0/jsr305-3.0.0.jar:/Users/princehodonou/.m2/repository/joda-time/joda-time/2.7/joda-time-2.7.jar:/Users/princehodonou/.m2/repository/io/dropwizard/dropwizard-jackson/0.8.0/dropwizard-jackson-0.8.0.jar:/Users/princehodonou/.m2/repository/com/fasterxml/jackson/core/jackson-core/2.5.1/jackson-core-2.5.1.jar:/Users/princehodonou/.m2/repository/com/fasterxml/jackson/core/jackson-databind/2.5.1/jackson-databind-2.5.1.jar:/Users/princehodonou/.m2/repository/com/fasterxml/jackson/datatype/jackson-datatype-jdk7/2.5.1/jackson-datatype-jdk7-2.5.1.jar:/Users/princehodonou/.m2/repository/com/fasterxml/jackson/datatype/jackson-datatype-guava/2.5.1/jackson-datatype-guava-2.5.1.jar:/Users/princehodonou/.m2/repository/com/fasterxml/jackson/module/jackson-module-afterburner/2.5.1/jackson-module-afterburner-2.5.1.jar:/Users/princehodonou/.m2/repository/com/fasterxml/jackson/datatype/jackson-datatype-joda/2.5.1/jackson-datatype-joda-2.5.1.jar:/Users/princehodonou/.m2/repository/org/slf4j/slf4j-api/1.7.10/slf4j-api-1.7.10.jar:/Users/princehodonou/.m2/repository/ch/qos/logback/logback-classic/1.1.2/logback-classic-1.1.2.jar:/Users/princehodonou/.m2/repository/io/dropwizard/dropwizard-validation/0.8.0/dropwizard-validation-0.8.0.jar:/Users/princehodonou/.m2/repository/org/hibernate/hibernate-validator/5.1.3.Final/hibernate-validator-5.1.3.Final.jar:/Users/princehodonou/.m2/repository/javax/validation/validation-api/1.1.0.Final/validation-api-1.1.0.Final.jar:/Users/princehodonou/.m2/repository/org/jboss/logging/jboss-logging/3.1.3.GA/jboss-logging-3.1.3.GA.jar:/Users/princehodonou/.m2/repository/com/fasterxml/classmate/1.0.0/classmate-1.0.0.jar:/Users/princehodonou/.m2/repository/org/glassfish/javax.el/3.0.0/javax.el-3.0.0.jar:/Users/princehodonou/.m2/repository/io/dropwizard/dropwizard-configuration/0.8.0/dropwizard-configuration-0.8.0.jar:/Users/princehodonou/.m2/repository/com/fasterxml/jackson/dataformat/jackson-dataformat-yaml/2.5.1/jackson-dataformat-yaml-2.5.1.jar:/Users/princehodonou/.m2/repository/org/yaml/snakeyaml/1.12/snakeyaml-1.12.jar:/Users/princehodonou/.m2/repository/org/apache/commons/commons-lang3/3.3.2/commons-lang3-3.3.2.jar:/Users/princehodonou/.m2/repository/io/dropwizard/dropwizard-logging/0.8.0/dropwizard-logging-0.8.0.jar:/Users/princehodonou/.m2/repository/io/dropwizard/metrics/metrics-logback/3.1.0/metrics-logback-3.1.0.jar:/Users/princehodonou/.m2/repository/org/slf4j/jul-to-slf4j/1.7.10/jul-to-slf4j-1.7.10.jar:/Users/princehodonou/.m2/repository/ch/qos/logback/logback-core/1.1.2/logback-core-1.1.2.jar:/Users/princehodonou/.m2/repository/org/slf4j/log4j-over-slf4j/1.7.10/log4j-over-slf4j-1.7.10.jar:/Users/princehodonou/.m2/repository/org/slf4j/jcl-over-slf4j/1.7.10/jcl-over-slf4j-1.7.10.jar:/Users/princehodonou/.m2/repository/org/eclipse/jetty/jetty-util/9.2.9.v20150224/jetty-util-9.2.9.v20150224.jar:/Users/princehodonou/.m2/repository/io/dropwizard/dropwizard-metrics/0.8.0/dropwizard-metrics-0.8.0.jar:/Users/princehodonou/.m2/repository/io/dropwizard/dropwizard-jersey/0.8.0/dropwizard-jersey-0.8.0.jar:/Users/princehodonou/.m2/repository/org/glassfish/jersey/core/jersey-server/2.16/jersey-server-2.16.jar:/Users/princehodonou/.m2/repository/org/glassfish/jersey/core/jersey-common/2.16/jersey-common-2.16.jar:/Users/princehodonou/.m2/repository/org/glassfish/jersey/bundles/repackaged/jersey-guava/2.16/jersey-guava-2.16.jar:/Users/princehodonou/.m2/repository/org/glassfish/hk2/osgi-resource-locator/1.0.1/osgi-resource-locator-1.0.1.jar:/Users/princehodonou/.m2/repository/org/glassfish/jersey/core/jersey-client/2.16/jersey-client-2.16.jar:/Users/princehodonou/.m2/repository/javax/ws/rs/javax.ws.rs-api/2.0.1/javax.ws.rs-api-2.0.1.jar:/Users/princehodonou/.m2/repository/org/glassfish/jersey/media/jersey-media-jaxb/2.16/jersey-media-jaxb-2.16.jar:/Users/princehodonou/.m2/repository/javax/annotation/javax.annotation-api/1.2/javax.annotation-api-1.2.jar:/Users/princehodonou/.m2/repository/org/glassfish/hk2/hk2-api/2.4.0-b09/hk2-api-2.4.0-b09.jar:/Users/princehodonou/.m2/repository/org/glassfish/hk2/hk2-utils/2.4.0-b09/hk2-utils-2.4.0-b09.jar:/Users/princehodonou/.m2/repository/org/glassfish/hk2/external/aopalliance-repackaged/2.4.0-b09/aopalliance-repackaged-2.4.0-b09.jar:/Users/princehodonou/.m2/repository/org/glassfish/hk2/external/javax.inject/2.4.0-b09/javax.inject-2.4.0-b09.jar:/Users/princehodonou/.m2/repository/org/glassfish/hk2/hk2-locator/2.4.0-b09/hk2-locator-2.4.0-b09.jar:/Users/princehodonou/.m2/repository/org/javassist/javassist/3.18.1-GA/javassist-3.18.1-GA.jar:/Users/princehodonou/.m2/repository/org/glassfish/jersey/ext/jersey-metainf-services/2.16/jersey-metainf-services-2.16.jar:/Users/princehodonou/.m2/repository/io/dropwizard/metrics/metrics-jersey2/3.1.0/metrics-jersey2-3.1.0.jar:/Users/princehodonou/.m2/repository/com/fasterxml/jackson/jaxrs/jackson-jaxrs-json-provider/2.5.1/jackson-jaxrs-json-provider-2.5.1.jar:/Users/princehodonou/.m2/repository/com/fasterxml/jackson/jaxrs/jackson-jaxrs-base/2.5.1/jackson-jaxrs-base-2.5.1.jar:/Users/princehodonou/.m2/repository/com/fasterxml/jackson/module/jackson-module-jaxb-annotations/2.5.1/jackson-module-jaxb-annotations-2.5.1.jar:/Users/princehodonou/.m2/repository/org/glassfish/jersey/containers/jersey-container-servlet/2.16/jersey-container-servlet-2.16.jar:/Users/princehodonou/.m2/repository/org/glassfish/jersey/containers/jersey-container-servlet-core/2.16/jersey-container-servlet-core-2.16.jar:/Users/princehodonou/.m2/repository/org/eclipse/jetty/jetty-server/9.2.9.v20150224/jetty-server-9.2.9.v20150224.jar:/Users/princehodonou/.m2/repository/javax/servlet/javax.servlet-api/3.1.0/javax.servlet-api-3.1.0.jar:/Users/princehodonou/.m2/repository/org/eclipse/jetty/jetty-io/9.2.9.v20150224/jetty-io-9.2.9.v20150224.jar:/Users/princehodonou/.m2/repository/org/eclipse/jetty/jetty-webapp/9.2.9.v20150224/jetty-webapp-9.2.9.v20150224.jar:/Users/princehodonou/.m2/repository/org/eclipse/jetty/jetty-xml/9.2.9.v20150224/jetty-xml-9.2.9.v20150224.jar:/Users/princehodonou/.m2/repository/org/eclipse/jetty/jetty-continuation/9.2.9.v20150224/jetty-continuation-9.2.9.v20150224.jar:/Users/princehodonou/.m2/repository/io/dropwizard/dropwizard-servlets/0.8.0/dropwizard-servlets-0.8.0.jar:/Users/princehodonou/.m2/repository/io/dropwizard/metrics/metrics-annotation/3.1.0/metrics-annotation-3.1.0.jar:/Users/princehodonou/.m2/repository/io/dropwizard/dropwizard-jetty/0.8.0/dropwizard-jetty-0.8.0.jar:/Users/princehodonou/.m2/repository/io/dropwizard/metrics/metrics-jetty9/3.1.0/metrics-jetty9-3.1.0.jar:/Users/princehodonou/.m2/repository/org/eclipse/jetty/jetty-servlet/9.2.9.v20150224/jetty-servlet-9.2.9.v20150224.jar:/Users/princehodonou/.m2/repository/org/eclipse/jetty/jetty-security/9.2.9.v20150224/jetty-security-9.2.9.v20150224.jar:/Users/princehodonou/.m2/repository/org/eclipse/jetty/jetty-servlets/9.2.9.v20150224/jetty-servlets-9.2.9.v20150224.jar:/Users/princehodonou/.m2/repository/org/eclipse/jetty/jetty-http/9.2.9.v20150224/jetty-http-9.2.9.v20150224.jar:/Users/princehodonou/.m2/repository/io/dropwizard/dropwizard-lifecycle/0.8.0/dropwizard-lifecycle-0.8.0.jar:/Users/princehodonou/.m2/repository/io/dropwizard/metrics/metrics-core/3.1.0/metrics-core-3.1.0.jar:/Users/princehodonou/.m2/repository/io/dropwizard/metrics/metrics-jvm/3.1.0/metrics-jvm-3.1.0.jar:/Users/princehodonou/.m2/repository/io/dropwizard/metrics/metrics-servlets/3.1.0/metrics-servlets-3.1.0.jar:/Users/princehodonou/.m2/repository/io/dropwizard/metrics/metrics-json/3.1.0/metrics-json-3.1.0.jar:/Users/princehodonou/.m2/repository/io/dropwizard/metrics/metrics-healthchecks/3.1.0/metrics-healthchecks-3.1.0.jar:/Users/princehodonou/.m2/repository/net/sourceforge/argparse4j/argparse4j/0.4.4/argparse4j-0.4.4.jar:/Users/princehodonou/.m2/repository/org/eclipse/jetty/toolchain/setuid/jetty-setuid-java/1.0.2/jetty-setuid-java-1.0.2.jar:/Users/princehodonou/.m2/repository/org/json/json/20180813/json-20180813.jar:"/>
    <property name="sun.cpu.endian" value="little"/>
    <property name="user.home" value="/Users/princehodonou"/>
    <property name="user.language" value="en"/>
    <property name="java.specification.vendor" value="Oracle Corporation"/>
    <property name="java.version.date" value="2019-07-16"/>
    <property name="java.home" value="/Library/Java/JavaVirtualMachines/jdk-12.0.2.jdk/Contents/Home"/>
    <property name="file.separator" value="/"/>
    <property name="basedir" value="/Users/princehodonou/Development/shareAride"/>
    <property name="java.vm.compressedOopsMode" value="Zero based"/>
    <property name="line.separator" value="&#10;"/>
    <property name="java.vm.specification.vendor" value="Oracle Corporation"/>
    <property name="java.specification.name" value="Java Platform API Specification"/>
    <property name="java.awt.graphicsenv" value="sun.awt.CGraphicsEnvironment"/>
    <property name="surefire.real.class.path" value="/Users/princehodonou/Development/shareAride/target/surefire/surefirebooter15810021534427585497.jar"/>
    <property name="sun.management.compiler" value="HotSpot 64-Bit Tiered Compilers"/>
    <property name="java.runtime.version" value="12.0.2+10"/>
    <property name="user.name" value="princehodonou"/>
    <property name="path.separator" value=":"/>
    <property name="os.version" value="10.15.4"/>
    <property name="java.runtime.name" value="Java(TM) SE Runtime Environment"/>
    <property name="file.encoding" value="UTF-8"/>
    <property name="java.vm.name" value="Java HotSpot(TM) 64-Bit Server VM"/>
    <property name="localRepository" value="/Users/princehodonou/.m2/repository"/>
    <property name="java.vendor.url.bug" value="https://bugreport.java.com/bugreport/"/>
    <property name="java.io.tmpdir" value="/var/folders/mx/2bg5861946d3zqcgn9_vhbmc0000gn/T/"/>
    <property name="java.version" value="12.0.2"/>
    <property name="user.dir" value="/Users/princehodonou/Development/shareAride"/>
    <property name="os.arch" value="x86_64"/>
    <property name="java.vm.specification.name" value="Java Virtual Machine Specification"/>
    <property name="java.library.path" value="/Users/princehodonou/Library/Java/Extensions:/Library/Java/Extensions:/Network/Library/Java/Extensions:/System/Library/Java/Extensions:/usr/lib/java:."/>
    <property name="java.vm.info" value="mixed mode, sharing"/>
    <property name="java.vendor" value="Oracle Corporation"/>
    <property name="java.vm.version" value="12.0.2+10"/>
    <property name="sun.io.unicode.encoding" value="UnicodeBig"/>
    <property name="java.class.version" value="56.0"/>
  </properties>
  <testcase name="testSetters" classname="com.mycompany.app.models.RideTest" time="0"/>
</testsuite>